


ARM Macro Assembler    Page 1 


    1 00000000         ;****************** main.s ***************
    2 00000000         ; Author: Darshil Parikh
    3 00000000         ; ECE505, W 2020, Experiment 1
    4 00000000         ; This file adds on to the sample code provided. 
    5 00000000         ; Date: 01/18/2020
    6 00000000         ;*****************************************
    7 00000000         
    8 00000000                 IMPORT           PortF_Init
    9 00000000                 IMPORT           delay
   10 00000000                 IMPORT           blue_led_on
   11 00000000                 IMPORT           blue_led_off
   12 00000000                 IMPORT           red_led_on
   13 00000000                 IMPORT           red_led_off
   14 00000000                 IMPORT           green_led_on
   15 00000000                 IMPORT           green_led_off
   16 00000000         
   17 00000000         ; we align 32 bit variables to 32-bits
   18 00000000         ; we align op codes to 16 bits
   19 00000000                 THUMB
   20 00000000                 AREA             DATA, ALIGN=4
   21 00000000                 EXPORT           M [DATA,SIZE=4]
   22 00000000                 EXPORT           ARRAY_RAM [DATA,SIZE=32]
   23 00000000         
   24 00000000 00 00 00 
              00       M       SPACE            4
   25 00000004 00 00 00 
              00 00 00 
              00 00 00 
              00 00 00 
              00 00 00 
              00 00 00 
              00 00 00 
              00 00 00 
              00 00 00 
              00 00 00 
              00 00    ARRAY_RAM
                               SPACE            32
   26 00000024         
   27 00000024                 AREA             |.text|, CODE, READONLY, ALIGN=
2
   28 00000000                 EXPORT           Start
   29 00000000         
   30 00000000 00000001 
              00000002 
              00000003 
              00000004 ARRAY_ROM
                               DCD              0x01,0x02,0x03,0x04
   31 00000010         ;*******************************************
   32 00000010         ; No need to worry about anything above
   33 00000010         ;*******************************************
   34 00000010         ; PF1: Red
   35 00000010         ; PF2: Blue
   36 00000010         ; PF3: Green
   37 00000010         ; User functions:
   38 00000010         ;  PortF_init:   to initialize port F
   39 00000010         ;  blue_led_on:  to turn blue LED on
   40 00000010         ; blue_led_off: to turn blue LED off
   41 00000010         ;  delay:        delay fixed amount of time (3 * 0.25 = 
                       0.75s)



ARM Macro Assembler    Page 2 


   42 00000010         
   43 00000010         ; By manipulating the sequence of funtion calls, the use
                       r can generate different light patterns. 
   44 00000010         ; This lab is used to demonstrate the development tools 
                       and debugging features.
   45 00000010         
   46 00000010         Start
   47 00000010 F7FF FFFE       BL               PortF_Init  ; initialize input 
                                                            and output pins of 
                                                            Port F
   48 00000014         ; LOOP START
   49 00000014         Myloop
   50 00000014         
   51 00000014         ; BLUE LOOP START
   52 00000014 F04F 0401       MOV              R4, #1
   53 00000018         LoopBlue
   54 00000018 F7FF FFFE       BL               blue_led_on
   55 0000001C F7FF FFFE       BL               delay
   56 00000020 F7FF FFFE       BL               blue_led_off
   57 00000024 F7FF FFFE       BL               delay
   58 00000028         
   59 00000028 1E64            SUBS             R4, R4, #1
   60 0000002A D1F5            BNE              LoopBlue
   61 0000002C         ; BLUE LOOP END
   62 0000002C         
   63 0000002C         
   64 0000002C         ;RED LOOP START 
   65 0000002C F04F 0502       MOV              R5, #2
   66 00000030         LoopRed
   67 00000030 F7FF FFFE       BL               red_led_on
   68 00000034 F7FF FFFE       BL               delay
   69 00000038 F7FF FFFE       BL               red_led_off
   70 0000003C F7FF FFFE       BL               delay
   71 00000040         
   72 00000040 1E6D            SUBS             R5, R5, #1
   73 00000042 D1F5            BNE              LoopRed
   74 00000044         ; RED LOOP END
   75 00000044         
   76 00000044         
   77 00000044         ;GREEN LOOP START 
   78 00000044 F04F 0603       MOV              R6, #3
   79 00000048         LoopGreen
   80 00000048 F7FF FFFE       BL               green_led_on
   81 0000004C F7FF FFFE       BL               delay
   82 00000050 F7FF FFFE       BL               green_led_off
   83 00000054 F7FF FFFE       BL               delay
   84 00000058         
   85 00000058 1E76            SUBS             R6, R6, #1
   86 0000005A D1F5            BNE              LoopGreen
   87 0000005C         ;GREEN LOOP END
   88 0000005C         
   89 0000005C F04F 0705       MOV              R7, #0x00000005
   90 00000060 F06F 0801       MOV              R8, #0xFFFFFFFE
   91 00000064 F06F 4900       MOV              R9, #0x7FFFFFFF
   92 00000068 EB17 0708       ADDS             R7, R8
   93 0000006C 1BFF            SUBS             R7, R7
   94 0000006E EB19 0907       ADDS             R9, R7
   95 00000072 EBB8 0809       SUBS             R8, R9
   96 00000076 EB18 0809       ADDS             R8, R9



ARM Macro Assembler    Page 3 


   97 0000007A         
   98 0000007A         
   99 0000007A E7CB            B                Myloop
  100 0000007C         
  101 0000007C                 END
Command Line: --16 --debug --xref --diag_suppress=9931 --cpu=Cortex-M4.fp --apc
s=interwork --depend=.\_out\main.d -o.\_out\main.o -I.\RTE\_Target_1 -IC:\Keil_
v5\ARM\PACK\ARM\CMSIS\5.4.0\CMSIS\Core\Include -IC:\Keil_v5\ARM\PACK\Keil\TM4C_
DFP\1.1.0\Device\Include\TM4C123 --predefine="__EVAL SETA 1" --predefine="__UVI
SION_VERSION SETA 526" --predefine="_RTE_ SETA 1" --predefine="TM4C123GH6PM SET
A 1" --list=.\main.lst main.s



ARM Macro Assembler    Page 1 Alphabetic symbol ordering
Relocatable symbols

ARRAY_RAM 00000004

Symbol: ARRAY_RAM
   Definitions
      At line 25 in file main.s
   Uses
      At line 22 in file main.s
Comment: ARRAY_RAM used once
DATA 00000000

Symbol: DATA
   Definitions
      At line 20 in file main.s
   Uses
      None
Comment: DATA unused
M 00000000

Symbol: M
   Definitions
      At line 24 in file main.s
   Uses
      At line 21 in file main.s
Comment: M used once
3 symbols



ARM Macro Assembler    Page 1 Alphabetic symbol ordering
Relocatable symbols

.text 00000000

Symbol: .text
   Definitions
      At line 27 in file main.s
   Uses
      None
Comment: .text unused
ARRAY_ROM 00000000

Symbol: ARRAY_ROM
   Definitions
      At line 30 in file main.s
   Uses
      None
Comment: ARRAY_ROM unused
LoopBlue 00000018

Symbol: LoopBlue
   Definitions
      At line 53 in file main.s
   Uses
      At line 60 in file main.s
Comment: LoopBlue used once
LoopGreen 00000048

Symbol: LoopGreen
   Definitions
      At line 79 in file main.s
   Uses
      At line 86 in file main.s
Comment: LoopGreen used once
LoopRed 00000030

Symbol: LoopRed
   Definitions
      At line 66 in file main.s
   Uses
      At line 73 in file main.s
Comment: LoopRed used once
Myloop 00000014

Symbol: Myloop
   Definitions
      At line 49 in file main.s
   Uses
      At line 99 in file main.s
Comment: Myloop used once
Start 00000010

Symbol: Start
   Definitions
      At line 46 in file main.s
   Uses
      At line 28 in file main.s
Comment: Start used once
7 symbols



ARM Macro Assembler    Page 1 Alphabetic symbol ordering
External symbols

PortF_Init 00000000

Symbol: PortF_Init
   Definitions
      At line 8 in file main.s
   Uses
      At line 47 in file main.s
Comment: PortF_Init used once
blue_led_off 00000000

Symbol: blue_led_off
   Definitions
      At line 11 in file main.s
   Uses
      At line 56 in file main.s
Comment: blue_led_off used once
blue_led_on 00000000

Symbol: blue_led_on
   Definitions
      At line 10 in file main.s
   Uses
      At line 54 in file main.s
Comment: blue_led_on used once
delay 00000000

Symbol: delay
   Definitions
      At line 9 in file main.s
   Uses
      At line 55 in file main.s
      At line 57 in file main.s
      At line 68 in file main.s
      At line 70 in file main.s
      At line 81 in file main.s
      At line 83 in file main.s

green_led_off 00000000

Symbol: green_led_off
   Definitions
      At line 15 in file main.s
   Uses
      At line 82 in file main.s
Comment: green_led_off used once
green_led_on 00000000

Symbol: green_led_on
   Definitions
      At line 14 in file main.s
   Uses
      At line 80 in file main.s
Comment: green_led_on used once
red_led_off 00000000

Symbol: red_led_off
   Definitions
      At line 13 in file main.s
   Uses



ARM Macro Assembler    Page 2 Alphabetic symbol ordering
External symbols

      At line 69 in file main.s
Comment: red_led_off used once
red_led_on 00000000

Symbol: red_led_on
   Definitions
      At line 12 in file main.s
   Uses
      At line 67 in file main.s
Comment: red_led_on used once
8 symbols
353 symbols in table
